<?xml version="1.0" encoding="UTF-8"?>
<testng-results ignored="0" total="1" passed="1" failed="0" skipped="0">
  <reporter-output>
  </reporter-output>
  <suite started-at="2022-06-26T19:20:19 IST" name="Default suite" finished-at="2022-06-26T19:20:42 IST" duration-ms="23063">
    <groups>
    </groups>
    <test started-at="2022-06-26T19:20:19 IST" name="Default test" finished-at="2022-06-26T19:20:42 IST" duration-ms="23063">
      <class name="sudheer.Movetoelement">
        <test-method signature="movetoelement()[pri:0, instance:sudheer.Movetoelement@6da21078]" started-at="2022-06-26T19:20:19 IST" name="movetoelement" finished-at="2022-06-26T19:20:42 IST" duration-ms="22987" status="PASS">
          <reporter-output>
          </reporter-output>
        </test-method> <!-- movetoelement -->
      </class> <!-- sudheer.Movetoelement -->
    </test> <!-- Default test -->
  </suite> <!-- Default suite -->
</testng-results>
